F:\WORK\DAIHOC\NAM3HK2\COMPUTERGRAPHICS\VISUAL STUDIO\CHESS\KINGCHESS\KINGCHESS\DEBUG\CAMERA.OBJ
F:\WORK\DAIHOC\NAM3HK2\COMPUTERGRAPHICS\VISUAL STUDIO\CHESS\KINGCHESS\KINGCHESS\DEBUG\COLLISION.OBJ
F:\WORK\DAIHOC\NAM3HK2\COMPUTERGRAPHICS\VISUAL STUDIO\CHESS\KINGCHESS\KINGCHESS\DEBUG\GAMESCENE.OBJ
F:\WORK\DAIHOC\NAM3HK2\COMPUTERGRAPHICS\VISUAL STUDIO\CHESS\KINGCHESS\KINGCHESS\DEBUG\GRAPHIC.OBJ
F:\WORK\DAIHOC\NAM3HK2\COMPUTERGRAPHICS\VISUAL STUDIO\CHESS\KINGCHESS\KINGCHESS\DEBUG\INPUTMANAGER.OBJ
F:\WORK\DAIHOC\NAM3HK2\COMPUTERGRAPHICS\VISUAL STUDIO\CHESS\KINGCHESS\KINGCHESS\DEBUG\KNIFE.OBJ
F:\WORK\DAIHOC\NAM3HK2\COMPUTERGRAPHICS\VISUAL STUDIO\CHESS\KINGCHESS\KINGCHESS\DEBUG\MAIN.OBJ
F:\WORK\DAIHOC\NAM3HK2\COMPUTERGRAPHICS\VISUAL STUDIO\CHESS\KINGCHESS\KINGCHESS\DEBUG\MATHLIB.OBJ
F:\WORK\DAIHOC\NAM3HK2\COMPUTERGRAPHICS\VISUAL STUDIO\CHESS\KINGCHESS\KINGCHESS\DEBUG\MODEL.OBJ
F:\WORK\DAIHOC\NAM3HK2\COMPUTERGRAPHICS\VISUAL STUDIO\CHESS\KINGCHESS\KINGCHESS\DEBUG\MODELOBJ.OBJ
F:\WORK\DAIHOC\NAM3HK2\COMPUTERGRAPHICS\VISUAL STUDIO\CHESS\KINGCHESS\KINGCHESS\DEBUG\PIECE.OBJ
F:\WORK\DAIHOC\NAM3HK2\COMPUTERGRAPHICS\VISUAL STUDIO\CHESS\KINGCHESS\KINGCHESS\DEBUG\SCENE.OBJ
F:\WORK\DAIHOC\NAM3HK2\COMPUTERGRAPHICS\VISUAL STUDIO\CHESS\KINGCHESS\KINGCHESS\DEBUG\SHIELD.OBJ
F:\WORK\DAIHOC\NAM3HK2\COMPUTERGRAPHICS\VISUAL STUDIO\CHESS\KINGCHESS\KINGCHESS\DEBUG\SPRITE2D.OBJ
F:\WORK\DAIHOC\NAM3HK2\COMPUTERGRAPHICS\VISUAL STUDIO\CHESS\KINGCHESS\KINGCHESS\DEBUG\VC110.PDB
F:\WORK\DAIHOC\NAM3HK2\COMPUTERGRAPHICS\VISUAL STUDIO\CHESS\KINGCHESS\KINGCHESS\DEBUG\IMAGE_DXT.OBJ
F:\WORK\DAIHOC\NAM3HK2\COMPUTERGRAPHICS\VISUAL STUDIO\CHESS\KINGCHESS\KINGCHESS\DEBUG\IMAGE_HELPER.OBJ
F:\WORK\DAIHOC\NAM3HK2\COMPUTERGRAPHICS\VISUAL STUDIO\CHESS\KINGCHESS\KINGCHESS\DEBUG\SOIL.OBJ
F:\WORK\DAIHOC\NAM3HK2\COMPUTERGRAPHICS\VISUAL STUDIO\CHESS\KINGCHESS\KINGCHESS\DEBUG\STB_IMAGE_AUG.OBJ
F:\WORK\DAIHOC\NAM3HK2\COMPUTERGRAPHICS\VISUAL STUDIO\CHESS\KINGCHESS\DEBUG\KINGCHESS.ILK
F:\WORK\DAIHOC\NAM3HK2\COMPUTERGRAPHICS\VISUAL STUDIO\CHESS\KINGCHESS\DEBUG\KINGCHESS.EXE
F:\WORK\DAIHOC\NAM3HK2\COMPUTERGRAPHICS\VISUAL STUDIO\CHESS\KINGCHESS\DEBUG\KINGCHESS.PDB
F:\Work\DaiHoc\Nam3HK2\ComputerGraphics\Visual Studio\Chess\KingChess\KingChess\Debug\Camera.obj
F:\Work\DaiHoc\Nam3HK2\ComputerGraphics\Visual Studio\Chess\KingChess\KingChess\Debug\collision.obj
F:\Work\DaiHoc\Nam3HK2\ComputerGraphics\Visual Studio\Chess\KingChess\KingChess\Debug\GameScene.obj
F:\Work\DaiHoc\Nam3HK2\ComputerGraphics\Visual Studio\Chess\KingChess\KingChess\Debug\Graphic.obj
F:\Work\DaiHoc\Nam3HK2\ComputerGraphics\Visual Studio\Chess\KingChess\KingChess\Debug\image_DXT.obj
F:\Work\DaiHoc\Nam3HK2\ComputerGraphics\Visual Studio\Chess\KingChess\KingChess\Debug\image_helper.obj
F:\Work\DaiHoc\Nam3HK2\ComputerGraphics\Visual Studio\Chess\KingChess\KingChess\Debug\InputManager.obj
F:\Work\DaiHoc\Nam3HK2\ComputerGraphics\Visual Studio\Chess\KingChess\KingChess\Debug\Knife.obj
F:\Work\DaiHoc\Nam3HK2\ComputerGraphics\Visual Studio\Chess\KingChess\KingChess\Debug\main.obj
F:\Work\DaiHoc\Nam3HK2\ComputerGraphics\Visual Studio\Chess\KingChess\KingChess\Debug\mathlib.obj
F:\Work\DaiHoc\Nam3HK2\ComputerGraphics\Visual Studio\Chess\KingChess\KingChess\Debug\Model.obj
F:\Work\DaiHoc\Nam3HK2\ComputerGraphics\Visual Studio\Chess\KingChess\KingChess\Debug\ModelOBJ.obj
F:\Work\DaiHoc\Nam3HK2\ComputerGraphics\Visual Studio\Chess\KingChess\KingChess\Debug\Piece.obj
F:\Work\DaiHoc\Nam3HK2\ComputerGraphics\Visual Studio\Chess\KingChess\KingChess\Debug\Scene.obj
F:\Work\DaiHoc\Nam3HK2\ComputerGraphics\Visual Studio\Chess\KingChess\KingChess\Debug\Shield.obj
F:\Work\DaiHoc\Nam3HK2\ComputerGraphics\Visual Studio\Chess\KingChess\KingChess\Debug\SOIL.obj
F:\Work\DaiHoc\Nam3HK2\ComputerGraphics\Visual Studio\Chess\KingChess\KingChess\Debug\Sprite2D.obj
F:\Work\DaiHoc\Nam3HK2\ComputerGraphics\Visual Studio\Chess\KingChess\KingChess\Debug\stb_image_aug.obj
F:\Work\DaiHoc\Nam3HK2\ComputerGraphics\Visual Studio\Chess\KingChess\KingChess\Debug\cl.command.1.tlog
F:\Work\DaiHoc\Nam3HK2\ComputerGraphics\Visual Studio\Chess\KingChess\KingChess\Debug\CL.read.1.tlog
F:\Work\DaiHoc\Nam3HK2\ComputerGraphics\Visual Studio\Chess\KingChess\KingChess\Debug\CL.write.1.tlog
F:\Work\DaiHoc\Nam3HK2\ComputerGraphics\Visual Studio\Chess\KingChess\KingChess\Debug\link-cvtres.read.1.tlog
F:\Work\DaiHoc\Nam3HK2\ComputerGraphics\Visual Studio\Chess\KingChess\KingChess\Debug\link-cvtres.write.1.tlog
F:\Work\DaiHoc\Nam3HK2\ComputerGraphics\Visual Studio\Chess\KingChess\KingChess\Debug\link-rc.read.1.tlog
F:\Work\DaiHoc\Nam3HK2\ComputerGraphics\Visual Studio\Chess\KingChess\KingChess\Debug\link-rc.write.1.tlog
F:\Work\DaiHoc\Nam3HK2\ComputerGraphics\Visual Studio\Chess\KingChess\KingChess\Debug\link.command.1.tlog
F:\Work\DaiHoc\Nam3HK2\ComputerGraphics\Visual Studio\Chess\KingChess\KingChess\Debug\link.read.1.tlog
F:\Work\DaiHoc\Nam3HK2\ComputerGraphics\Visual Studio\Chess\KingChess\KingChess\Debug\link.write.1.tlog
F:\Work\DaiHoc\Nam3HK2\ComputerGraphics\Visual Studio\Chess\KingChess\KingChess\Debug\vc110.idb
F:\Work\DaiHoc\Nam3HK2\ComputerGraphics\Visual Studio\Chess\KingChess\KingChess\Debug\vc110.pdb
F:\Work\DaiHoc\Nam3HK2\ComputerGraphics\Visual Studio\Chess\KingChess\Debug\KingChess.pdb
F:\Work\DaiHoc\Nam3HK2\ComputerGraphics\Visual Studio\Chess\KingChess\Debug\KingChess.exe
F:\Work\DaiHoc\Nam3HK2\ComputerGraphics\Visual Studio\Chess\KingChess\Debug\KingChess.ilk
