Build started 4/15/2014 8:12:42 AM.
     1>Project "F:\Work\DaiHoc\Nam3HK2\ComputerGraphics\Visual Studio\Chess\KingChess\KingChess\KingChess.vcxproj" on node 2 (Build target(s)).
     1>Link:
         C:\Program Files (x86)\Microsoft Visual Studio 11.0\VC\bin\link.exe /ERRORREPORT:PROMPT /OUT:"F:\Work\DaiHoc\Nam3HK2\ComputerGraphics\Visual Studio\Chess\KingChess\Debug\KingChess.exe" /INCREMENTAL /NOLOGO kernel32.lib user32.lib gdi32.lib winspool.lib comdlg32.lib advapi32.lib shell32.lib ole32.lib oleaut32.lib uuid.lib odbc32.lib odbccp32.lib kernel32.lib user32.lib gdi32.lib winspool.lib comdlg32.lib advapi32.lib shell32.lib ole32.lib oleaut32.lib uuid.lib odbc32.lib odbccp32.lib glew32.lib /MANIFEST /MANIFESTUAC:"level='asInvoker' uiAccess='false'" /manifest:embed /DEBUG /PDB:"F:\Work\DaiHoc\Nam3HK2\ComputerGraphics\Visual Studio\Chess\KingChess\Debug\KingChess.pdb" /SUBSYSTEM:CONSOLE /TLBID:1 /DYNAMICBASE /NXCOMPAT /IMPLIB:"F:\Work\DaiHoc\Nam3HK2\ComputerGraphics\Visual Studio\Chess\KingChess\Debug\KingChess.lib" /MACHINE:X86 Debug\Camera.obj
         Debug\collision.obj
         Debug\GameScene.obj
         Debug\Graphic.obj
         Debug\InputManager.obj
         Debug\Knife.obj
         Debug\main.obj
         Debug\mathlib.obj
         Debug\Model.obj
         Debug\ModelOBJ.obj
         Debug\Piece.obj
         Debug\Scene.obj
         Debug\Shield.obj
         Debug\image_DXT.obj
         Debug\image_helper.obj
         Debug\SOIL.obj
         Debug\stb_image_aug.obj
         Debug\Sprite2D.obj
         KingChess.vcxproj -> F:\Work\DaiHoc\Nam3HK2\ComputerGraphics\Visual Studio\Chess\KingChess\Debug\KingChess.exe
     1>Done Building Project "F:\Work\DaiHoc\Nam3HK2\ComputerGraphics\Visual Studio\Chess\KingChess\KingChess\KingChess.vcxproj" (Build target(s)).

Build succeeded.

Time Elapsed 00:00:00.60
